2026-02-16 22:37:34.007 | INFO     | services.vector_service:__init__:9 - Initializing Vector Service (ChromaDB)...
2026-02-16 22:37:34.904 | INFO     | services.vector_service:__init__:13 - Loading Embedding Model...
2026-02-16 22:38:20.002 | INFO     | services.vector_service:__init__:20 - Vector Service Ready.
2026-02-16 22:39:30.949 | INFO     | services.vector_service:__init__:9 - Initializing Vector Service (ChromaDB)...
2026-02-16 22:39:31.289 | INFO     | services.vector_service:__init__:13 - Loading Embedding Model...
2026-02-16 22:39:47.702 | INFO     | services.vector_service:__init__:20 - Vector Service Ready.
2026-02-16 22:39:54.663 | INFO     | services.vector_service:__init__:9 - Initializing Vector Service (ChromaDB)...
2026-02-16 22:39:55.106 | INFO     | services.vector_service:__init__:13 - Loading Embedding Model...
2026-02-16 22:41:33.264 | INFO     | services.vector_service:__init__:9 - Initializing Vector Service (ChromaDB)...
2026-02-16 22:41:33.552 | INFO     | services.vector_service:__init__:13 - Loading Embedding Model...
2026-02-16 22:41:45.574 | INFO     | services.vector_service:__init__:20 - Vector Service Ready.
2026-02-16 22:44:53.265 | INFO     | services.vector_service:__init__:9 - Initializing Vector Service (ChromaDB)...
2026-02-16 22:44:53.545 | INFO     | services.vector_service:__init__:13 - Loading Embedding Model...
2026-02-16 22:45:10.404 | INFO     | services.vector_service:__init__:20 - Vector Service Ready.
2026-02-16 22:45:11.881 | INFO     | main:startup_event:26 - Starting JARVIS System...
2026-02-16 22:47:37.001 | INFO     | main:shutdown_event:31 - Shutting down JARVIS System...
2026-02-16 22:47:46.280 | INFO     | services.vector_service:__init__:9 - Initializing Vector Service (ChromaDB)...
2026-02-16 22:47:46.994 | INFO     | services.vector_service:__init__:13 - Loading Embedding Model...
2026-02-16 22:48:05.017 | INFO     | services.vector_service:__init__:20 - Vector Service Ready.
2026-02-16 22:48:05.820 | INFO     | main:startup_event:29 - Starting JARVIS System...
2026-02-16 22:48:05.821 | INFO     | services.system_monitor:start_monitoring:13 - Starting System Monitor...
2026-02-16 22:49:22.877 | INFO     | websocket.routes:websocket_endpoint:43 - Client disconnected
2026-02-16 22:51:16.149 | INFO     | main:shutdown_event:36 - Shutting down JARVIS System...
