2026-02-19 12:36:14.174 | INFO     | services.vector_service:__init__:9 - Initializing Vector Service (ChromaDB)...
2026-02-19 12:36:15.669 | INFO     | services.vector_service:__init__:13 - Loading Embedding Model...
2026-02-19 14:34:55.590 | INFO     | services.vector_service:__init__:9 - Initializing Vector Service (ChromaDB)...
2026-02-19 14:34:55.988 | INFO     | services.vector_service:__init__:13 - Loading Embedding Model...
2026-02-19 14:36:09.272 | INFO     | services.vector_service:__init__:9 - Initializing Vector Service (ChromaDB)...
2026-02-19 14:36:09.430 | INFO     | services.vector_service:__init__:13 - Loading Embedding Model...
2026-02-19 14:37:49.107 | INFO     | services.vector_service:__init__:9 - Initializing Vector Service (ChromaDB)...
2026-02-19 14:37:49.361 | INFO     | services.vector_service:__init__:13 - Loading Embedding Model...
2026-02-19 14:43:15.613 | INFO     | services.vector_service:__init__:9 - Initializing Vector Service (ChromaDB)...
2026-02-19 14:43:16.606 | INFO     | services.vector_service:__init__:13 - Loading Embedding Model...
2026-02-19 14:45:16.198 | INFO     | services.vector_service:__init__:9 - Initializing Vector Service (ChromaDB)...
2026-02-19 14:45:16.616 | INFO     | services.vector_service:__init__:13 - Loading Embedding Model...
2026-02-19 14:45:32.192 | INFO     | services.vector_service:__init__:20 - Vector Service Ready.
2026-02-19 14:45:41.561 | INFO     | services.vector_service:__init__:9 - Initializing Vector Service (ChromaDB)...
2026-02-19 14:45:41.706 | INFO     | services.vector_service:__init__:13 - Loading Embedding Model...
2026-02-19 14:45:48.320 | INFO     | services.vector_service:__init__:20 - Vector Service Ready.
2026-02-19 14:45:49.131 | INFO     | main:startup_event:29 - Starting JARVIS System...
2026-02-19 14:45:49.134 | INFO     | services.system_monitor:start_monitoring:13 - Starting System Monitor...
2026-02-19 14:46:28.366 | INFO     | websocket.routes:websocket_endpoint:15 - Received from client: {"command":"hi"}
2026-02-19 14:46:28.368 | INFO     | agents.chief_agent:stream_request:59 - ChiefAgent streaming: hi
2026-02-19 14:48:40.826 | INFO     | websocket.routes:websocket_endpoint:50 - Client disconnected
2026-02-19 14:49:06.392 | ERROR    | services.system_monitor:start_monitoring:36 - Error in SystemMonitor: 
2026-02-19 14:49:06.410 | INFO     | websocket.routes:websocket_endpoint:50 - Client disconnected
2026-02-19 14:50:19.053 | INFO     | services.vector_service:__init__:9 - Initializing Vector Service (ChromaDB)...
2026-02-19 14:50:19.944 | INFO     | services.vector_service:__init__:13 - Loading Embedding Model...
2026-02-19 14:50:33.640 | INFO     | services.vector_service:__init__:20 - Vector Service Ready.
2026-02-19 14:50:39.042 | INFO     | services.vector_service:__init__:9 - Initializing Vector Service (ChromaDB)...
2026-02-19 14:50:39.163 | INFO     | services.vector_service:__init__:13 - Loading Embedding Model...
2026-02-19 14:50:45.138 | INFO     | services.vector_service:__init__:20 - Vector Service Ready.
2026-02-19 14:50:45.507 | INFO     | main:startup_event:29 - Starting JARVIS System...
2026-02-19 14:50:45.507 | INFO     | services.system_monitor:start_monitoring:13 - Starting System Monitor...
2026-02-19 14:54:01.117 | INFO     | websocket.routes:websocket_endpoint:15 - Received from client: {"command":"hey"}
2026-02-19 14:54:01.131 | INFO     | agents.chief_agent:stream_request:59 - ChiefAgent streaming: hey
2026-02-19 14:54:28.925 | ERROR    | services.system_monitor:start_monitoring:36 - Error in SystemMonitor: 
2026-02-19 14:54:34.695 | ERROR    | services.system_monitor:start_monitoring:36 - Error in SystemMonitor: Cannot call "send" once a close message has been sent.
2026-02-19 14:54:39.716 | ERROR    | services.system_monitor:start_monitoring:36 - Error in SystemMonitor: Cannot call "send" once a close message has been sent.
2026-02-19 14:54:44.743 | ERROR    | services.system_monitor:start_monitoring:36 - Error in SystemMonitor: Cannot call "send" once a close message has been sent.
2026-02-19 14:55:18.817 | INFO     | services.vector_service:__init__:9 - Initializing Vector Service (ChromaDB)...
2026-02-19 14:55:19.335 | INFO     | services.vector_service:__init__:13 - Loading Embedding Model...
2026-02-19 14:55:28.716 | INFO     | services.vector_service:__init__:20 - Vector Service Ready.
2026-02-19 14:55:34.989 | INFO     | services.vector_service:__init__:9 - Initializing Vector Service (ChromaDB)...
2026-02-19 14:55:35.117 | INFO     | services.vector_service:__init__:13 - Loading Embedding Model...
2026-02-19 14:55:42.203 | INFO     | services.vector_service:__init__:20 - Vector Service Ready.
2026-02-19 14:55:42.617 | INFO     | main:startup_event:29 - Starting JARVIS System...
2026-02-19 14:55:42.617 | INFO     | services.system_monitor:start_monitoring:13 - Starting System Monitor...
2026-02-19 14:56:56.419 | INFO     | websocket.routes:websocket_endpoint:50 - Client disconnected
2026-02-19 14:57:03.431 | INFO     | websocket.routes:websocket_endpoint:15 - Received from client: {"command":"hey"}
2026-02-19 14:57:03.434 | INFO     | agents.chief_agent:stream_request:59 - ChiefAgent streaming: hey
2026-02-19 15:00:56.040 | INFO     | services.vector_service:__init__:9 - Initializing Vector Service (ChromaDB)...
2026-02-19 15:00:56.483 | INFO     | services.vector_service:__init__:13 - Loading Embedding Model...
2026-02-19 15:01:05.516 | INFO     | services.vector_service:__init__:20 - Vector Service Ready.
2026-02-19 15:01:10.535 | INFO     | services.vector_service:__init__:9 - Initializing Vector Service (ChromaDB)...
2026-02-19 15:01:10.676 | INFO     | services.vector_service:__init__:13 - Loading Embedding Model...
2026-02-19 15:01:17.673 | INFO     | services.vector_service:__init__:20 - Vector Service Ready.
2026-02-19 15:01:18.267 | INFO     | main:startup_event:29 - Starting JARVIS System...
2026-02-19 15:01:18.267 | INFO     | services.system_monitor:start_monitoring:13 - Starting System Monitor...
2026-02-19 15:02:00.383 | ERROR    | services.system_monitor:start_monitoring:36 - Error in SystemMonitor: 
2026-02-19 15:02:00.385 | INFO     | websocket.routes:websocket_endpoint:50 - Client disconnected
2026-02-19 15:02:05.488 | INFO     | websocket.routes:websocket_endpoint:15 - Received from client: {"command":"hey"}
2026-02-19 15:02:05.496 | INFO     | agents.chief_agent:stream_request:59 - ChiefAgent streaming: hey
2026-02-19 15:02:23.456 | ERROR    | services.system_monitor:start_monitoring:36 - Error in SystemMonitor: 
2026-02-19 15:02:28.503 | ERROR    | services.system_monitor:start_monitoring:36 - Error in SystemMonitor: Cannot call "send" once a close message has been sent.
2026-02-19 15:02:33.518 | ERROR    | services.system_monitor:start_monitoring:36 - Error in SystemMonitor: Cannot call "send" once a close message has been sent.
2026-02-19 15:02:34.095 | INFO     | websocket.routes:websocket_endpoint:15 - Received from client: {"command":"hey"}
2026-02-19 15:02:34.097 | INFO     | agents.chief_agent:stream_request:59 - ChiefAgent streaming: hey
2026-02-19 15:02:38.509 | ERROR    | services.system_monitor:start_monitoring:36 - Error in SystemMonitor: Cannot call "send" once a close message has been sent.
2026-02-19 15:02:43.515 | ERROR    | services.system_monitor:start_monitoring:36 - Error in SystemMonitor: Cannot call "send" once a close message has been sent.
2026-02-19 15:02:48.528 | ERROR    | services.system_monitor:start_monitoring:36 - Error in SystemMonitor: Cannot call "send" once a close message has been sent.
2026-02-19 15:02:53.544 | ERROR    | services.system_monitor:start_monitoring:36 - Error in SystemMonitor: Cannot call "send" once a close message has been sent.
2026-02-19 15:02:58.559 | ERROR    | services.system_monitor:start_monitoring:36 - Error in SystemMonitor: Cannot call "send" once a close message has been sent.
2026-02-19 15:03:03.576 | ERROR    | services.system_monitor:start_monitoring:36 - Error in SystemMonitor: Cannot call "send" once a close message has been sent.
2026-02-19 15:03:08.588 | ERROR    | services.system_monitor:start_monitoring:36 - Error in SystemMonitor: Cannot call "send" once a close message has been sent.
2026-02-19 15:03:13.053 | INFO     | websocket.routes:websocket_endpoint:50 - Client disconnected
2026-02-19 15:03:13.174 | INFO     | main:shutdown_event:36 - Shutting down JARVIS System...
2026-02-19 15:03:24.658 | INFO     | services.vector_service:__init__:9 - Initializing Vector Service (ChromaDB)...
2026-02-19 15:03:24.889 | INFO     | services.vector_service:__init__:13 - Loading Embedding Model...
